Using pre-set license
Built from '2021.3/staging' branch; Version is '2021.3.11f1 (0a5ca18544bf) revision 679073'; Using compiler version '192829333'; Build Type 'Release'
OS: 'Windows 10  (10.0.19043) 64bit Professional' Language: 'en' Physical Memory: 16313 MB
BatchMode: 1, IsHumanControllingUs: 0, StartBugReporterOnCrash: 0, Is64bit: 1, IsPro: 1

COMMAND LINE ARGUMENTS:
C:\Program Files\Unity\Hub\Editor\2021.3.11f1\Editor\Unity.exe
-adb2
-batchMode
-noUpm
-name
AssetImportWorker0
-projectPath
C:/Users/vojta/MAP
-logFile
Logs/AssetImportWorker0.log
-srvPort
53960
Successfully changed project path to: C:/Users/vojta/MAP
C:/Users/vojta/MAP
[UnityMemory] Configuration Parameters - Can be set up in boot.config
    "memorysetup-bucket-allocator-granularity=16"
    "memorysetup-bucket-allocator-bucket-count=8"
    "memorysetup-bucket-allocator-block-size=33554432"
    "memorysetup-bucket-allocator-block-count=8"
    "memorysetup-main-allocator-block-size=16777216"
    "memorysetup-thread-allocator-block-size=16777216"
    "memorysetup-gfx-main-allocator-block-size=16777216"
    "memorysetup-gfx-thread-allocator-block-size=16777216"
    "memorysetup-cache-allocator-block-size=4194304"
    "memorysetup-typetree-allocator-block-size=2097152"
    "memorysetup-profiler-bucket-allocator-granularity=16"
    "memorysetup-profiler-bucket-allocator-bucket-count=8"
    "memorysetup-profiler-bucket-allocator-block-size=33554432"
    "memorysetup-profiler-bucket-allocator-block-count=8"
    "memorysetup-profiler-allocator-block-size=16777216"
    "memorysetup-profiler-editor-allocator-block-size=1048576"
    "memorysetup-temp-allocator-size-main=16777216"
    "memorysetup-job-temp-allocator-block-size=2097152"
    "memorysetup-job-temp-allocator-block-size-background=1048576"
    "memorysetup-job-temp-allocator-reduction-small-platforms=262144"
    "memorysetup-temp-allocator-size-background-worker=32768"
    "memorysetup-temp-allocator-size-job-worker=262144"
    "memorysetup-temp-allocator-size-preload-manager=33554432"
    "memorysetup-temp-allocator-size-nav-mesh-worker=65536"
    "memorysetup-temp-allocator-size-audio-worker=65536"
    "memorysetup-temp-allocator-size-cloud-worker=32768"
    "memorysetup-temp-allocator-size-gi-baking-worker=262144"
    "memorysetup-temp-allocator-size-gfx=262144"
Refreshing native plugins compatible for Editor in 81.50 ms, found 4 plugins.
Preloading 0 native plugins for Editor in 0.00 ms.
Initialize engine version: 2021.3.11f1 (0a5ca18544bf)
[Subsystems] Discovering subsystems at path C:/Program Files/Unity/Hub/Editor/2021.3.11f1/Editor/Data/Resources/UnitySubsystems
[Subsystems] Discovering subsystems at path C:/Users/vojta/MAP/Assets
GfxDevice: creating device client; threaded=0; jobified=0
Direct3D:
    Version:  Direct3D 11.0 [level 11.1]
    Renderer: Radeon RX 580 Series (ID=0x67df)
    Vendor:   ATI
    VRAM:     8170 MB
    Driver:   31.0.12019.5007
Initialize mono
Mono path[0] = 'C:/Program Files/Unity/Hub/Editor/2021.3.11f1/Editor/Data/Managed'
Mono path[1] = 'C:/Program Files/Unity/Hub/Editor/2021.3.11f1/Editor/Data/MonoBleedingEdge/lib/mono/unityjit-win32'
Mono config path = 'C:/Program Files/Unity/Hub/Editor/2021.3.11f1/Editor/Data/MonoBleedingEdge/etc'
Using monoOptions --debugger-agent=transport=dt_socket,embedding=1,server=y,suspend=n,address=127.0.0.1:56360
Begin MonoManager ReloadAssembly
Registering precompiled unity dll's ...
Register platform support module: C:/Program Files/Unity/Hub/Editor/2021.3.11f1/Editor/Data/PlaybackEngines/WindowsStandaloneSupport/UnityEditor.WindowsStandalone.Extensions.dll
Registered in 0.007127 seconds.
Native extension for WindowsStandalone target not found
Refreshing native plugins compatible for Editor in 84.29 ms, found 4 plugins.
Preloading 0 native plugins for Editor in 0.00 ms.
Mono: successfully reloaded assembly
- Completed reload, in  0.567 seconds
Domain Reload Profiling:
	ReloadAssembly (567ms)
		BeginReloadAssembly (66ms)
			ExecutionOrderSort (0ms)
			DisableScriptedObjects (0ms)
			BackupInstance (0ms)
			ReleaseScriptingObjects (0ms)
			CreateAndSetChildDomain (1ms)
		EndReloadAssembly (404ms)
			LoadAssemblies (63ms)
			RebuildTransferFunctionScriptingTraits (0ms)
			SetupTypeCache (84ms)
			ReleaseScriptCaches (0ms)
			RebuildScriptCaches (26ms)
			SetupLoadedEditorAssemblies (251ms)
				LogAssemblyErrors (0ms)
				InitializePlatformSupportModulesInManaged (7ms)
				SetLoadedEditorAssemblies (0ms)
				RefreshPlugins (84ms)
				BeforeProcessingInitializeOnLoad (1ms)
				ProcessInitializeOnLoadAttributes (119ms)
				ProcessInitializeOnLoadMethodAttributes (39ms)
				AfterProcessingInitializeOnLoad (0ms)
				EditorAssembliesLoaded (0ms)
			ExecutionOrderSort2 (0ms)
			AwakeInstancesAfterBackupRestoration (0ms)
Platform modules already initialized, skipping
Registering precompiled user dll's ...
Registered in 0.008040 seconds.
Begin MonoManager ReloadAssembly
Symbol file LoadedFromMemory doesn't match image C:\Users\vojta\MAP\Library\PackageCache\com.unity.visualscripting@1.7.8\Editor\VisualScripting.Core\Dependencies\YamlDotNet\Unity.VisualScripting.YamlDotNet.dll
Symbol file LoadedFromMemory doesn't match image C:\Users\vojta\MAP\Library\PackageCache\com.unity.visualscripting@1.7.8\Editor\VisualScripting.Core\Dependencies\DotNetZip\Unity.VisualScripting.IonicZip.dll
Native extension for WindowsStandalone target not found
Refreshing native plugins compatible for Editor in 81.65 ms, found 4 plugins.
Preloading 0 native plugins for Editor in 0.00 ms.
Mono: successfully reloaded assembly
- Completed reload, in  1.005 seconds
Domain Reload Profiling:
	ReloadAssembly (1006ms)
		BeginReloadAssembly (95ms)
			ExecutionOrderSort (0ms)
			DisableScriptedObjects (5ms)
			BackupInstance (0ms)
			ReleaseScriptingObjects (0ms)
			CreateAndSetChildDomain (17ms)
		EndReloadAssembly (802ms)
			LoadAssemblies (73ms)
			RebuildTransferFunctionScriptingTraits (0ms)
			SetupTypeCache (208ms)
			ReleaseScriptCaches (1ms)
			RebuildScriptCaches (49ms)
			SetupLoadedEditorAssemblies (425ms)
				LogAssemblyErrors (0ms)
				InitializePlatformSupportModulesInManaged (4ms)
				SetLoadedEditorAssemblies (0ms)
				RefreshPlugins (82ms)
				BeforeProcessingInitializeOnLoad (93ms)
				ProcessInitializeOnLoadAttributes (197ms)
				ProcessInitializeOnLoadMethodAttributes (39ms)
				AfterProcessingInitializeOnLoad (10ms)
				EditorAssembliesLoaded (0ms)
			ExecutionOrderSort2 (0ms)
			AwakeInstancesAfterBackupRestoration (6ms)
Platform modules already initialized, skipping
========================================================================
Worker process is ready to serve import requests
Launched and connected shader compiler UnityShaderCompiler.exe after 0.04 seconds
Refreshing native plugins compatible for Editor in 0.74 ms, found 4 plugins.
Preloading 0 native plugins for Editor in 0.00 ms.
Unloading 4068 Unused Serialized files (Serialized files now loaded: 0)
Unloading 44 unused Assets / (229.5 KB). Loaded Objects now: 4518.
Memory consumption went from 151.3 MB to 151.1 MB.
Total: 3.271700 ms (FindLiveObjects: 0.386700 ms CreateObjectMapping: 0.127400 ms MarkObjects: 2.621400 ms  DeleteObjects: 0.135100 ms)

AssetImportParameters requested are different than current active one (requested -> active):
  custom:video-decoder-ogg-theora: a1e56fd34408186e4bbccfd4996cb3dc -> 
  custom:container-muxer-webm: aa71ff27fc2769a1b78a27578f13a17b -> 
  custom:container-demuxer-webm: 4f35f7cbe854078d1ac9338744f61a02 -> 
  custom:video-encoder-webm-vp8: eb34c28f22e8b96e1ab97ce403110664 -> 
  custom:audio-encoder-webm-vorbis: bf7c407c2cedff20999df2af8eb42d56 -> 
  custom:framework-win-MediaFoundation: 216162199b28c13a410421893ffa2e32 -> 
  custom:container-demuxer-ogg: 62fdf1f143b41e24485cea50d1cbac27 -> 
  custom:video-decoder-webm-vp8: 9c59270c3fd7afecdb556c50c9e8de78 -> 
  custom:audio-decoder-ogg-vorbis: bf7c407c2cedff20999df2af8eb42d56 -> 
========================================================================
Received Import Request.
  Time since last request: 1707573.746436 seconds.
  path: Assets/Player
  artifactKey: Guid(536230e178ba11640a80a74bd534cc56) Importer(815301076,1909f56bfc062723c751e8b465ee728b)
Start importing Assets/Player using Guid(536230e178ba11640a80a74bd534cc56) Importer(815301076,1909f56bfc062723c751e8b465ee728b)  -> (artifact id: 'aa865c4c0b77125b194963c0669bb6f8') in 0.011896 seconds 
========================================================================
Received Import Request.
  Time since last request: 15.225235 seconds.
  path: Assets/Player/PlayerController.cs
  artifactKey: Guid(2f3ed3f13aa06a64eb62a63e29affb51) Importer(815301076,1909f56bfc062723c751e8b465ee728b)
Start importing Assets/Player/PlayerController.cs using Guid(2f3ed3f13aa06a64eb62a63e29affb51) Importer(815301076,1909f56bfc062723c751e8b465ee728b)  -> (artifact id: '4b7ba73b453a7035b04f5794cdeff78b') in 0.030140 seconds 
========================================================================
Received Prepare
Registering precompiled user dll's ...
Registered in 0.009555 seconds.
Begin MonoManager ReloadAssembly
Symbol file LoadedFromMemory doesn't match image C:\Users\vojta\MAP\Library\PackageCache\com.unity.visualscripting@1.7.8\Editor\VisualScripting.Core\Dependencies\YamlDotNet\Unity.VisualScripting.YamlDotNet.dll
Symbol file LoadedFromMemory doesn't match image C:\Users\vojta\MAP\Library\PackageCache\com.unity.visualscripting@1.7.8\Editor\VisualScripting.Core\Dependencies\DotNetZip\Unity.VisualScripting.IonicZip.dll
Native extension for WindowsStandalone target not found
Refreshing native plugins compatible for Editor in 1.63 ms, found 4 plugins.
Preloading 0 native plugins for Editor in 0.00 ms.
Mono: successfully reloaded assembly
- Completed reload, in  1.183 seconds
Domain Reload Profiling:
	ReloadAssembly (1184ms)
		BeginReloadAssembly (208ms)
			ExecutionOrderSort (0ms)
			DisableScriptedObjects (9ms)
			BackupInstance (0ms)
			ReleaseScriptingObjects (0ms)
			CreateAndSetChildDomain (35ms)
		EndReloadAssembly (864ms)
			LoadAssemblies (265ms)
			RebuildTransferFunctionScriptingTraits (0ms)
			SetupTypeCache (216ms)
			ReleaseScriptCaches (1ms)
			RebuildScriptCaches (40ms)
			SetupLoadedEditorAssemblies (379ms)
				LogAssemblyErrors (0ms)
				InitializePlatformSupportModulesInManaged (16ms)
				SetLoadedEditorAssemblies (1ms)
				RefreshPlugins (2ms)
				BeforeProcessingInitializeOnLoad (103ms)
				ProcessInitializeOnLoadAttributes (207ms)
				ProcessInitializeOnLoadMethodAttributes (42ms)
				AfterProcessingInitializeOnLoad (9ms)
				EditorAssembliesLoaded (0ms)
			ExecutionOrderSort2 (0ms)
			AwakeInstancesAfterBackupRestoration (8ms)
Platform modules already initialized, skipping
Refreshing native plugins compatible for Editor in 14.57 ms, found 4 plugins.
Preloading 0 native plugins for Editor in 0.00 ms.
Unloading 4064 Unused Serialized files (Serialized files now loaded: 0)
Unloading 31 unused Assets / (195.7 KB). Loaded Objects now: 4522.
Memory consumption went from 151.4 MB to 151.2 MB.
Total: 4.343800 ms (FindLiveObjects: 0.535800 ms CreateObjectMapping: 0.093800 ms MarkObjects: 3.546300 ms  DeleteObjects: 0.166800 ms)

AssetImportParameters requested are different than current active one (requested -> active):
  custom:video-decoder-ogg-theora: a1e56fd34408186e4bbccfd4996cb3dc -> 
  custom:container-muxer-webm: aa71ff27fc2769a1b78a27578f13a17b -> 
  custom:container-demuxer-webm: 4f35f7cbe854078d1ac9338744f61a02 -> 
  custom:video-encoder-webm-vp8: eb34c28f22e8b96e1ab97ce403110664 -> 
  custom:audio-encoder-webm-vorbis: bf7c407c2cedff20999df2af8eb42d56 -> 
  custom:framework-win-MediaFoundation: 216162199b28c13a410421893ffa2e32 -> 
  custom:container-demuxer-ogg: 62fdf1f143b41e24485cea50d1cbac27 -> 
  custom:video-decoder-webm-vp8: 9c59270c3fd7afecdb556c50c9e8de78 -> 
  custom:audio-decoder-ogg-vorbis: bf7c407c2cedff20999df2af8eb42d56 -> 
========================================================================
Received Prepare
Registering precompiled user dll's ...
Registered in 0.009682 seconds.
Begin MonoManager ReloadAssembly
Symbol file LoadedFromMemory doesn't match image C:\Users\vojta\MAP\Library\PackageCache\com.unity.visualscripting@1.7.8\Editor\VisualScripting.Core\Dependencies\YamlDotNet\Unity.VisualScripting.YamlDotNet.dll
Symbol file LoadedFromMemory doesn't match image C:\Users\vojta\MAP\Library\PackageCache\com.unity.visualscripting@1.7.8\Editor\VisualScripting.Core\Dependencies\DotNetZip\Unity.VisualScripting.IonicZip.dll
Native extension for WindowsStandalone target not found
Refreshing native plugins compatible for Editor in 0.91 ms, found 4 plugins.
Preloading 0 native plugins for Editor in 0.00 ms.
Mono: successfully reloaded assembly
- Completed reload, in  0.869 seconds
Domain Reload Profiling:
	ReloadAssembly (870ms)
		BeginReloadAssembly (120ms)
			ExecutionOrderSort (0ms)
			DisableScriptedObjects (7ms)
			BackupInstance (0ms)
			ReleaseScriptingObjects (0ms)
			CreateAndSetChildDomain (33ms)
		EndReloadAssembly (654ms)
			LoadAssemblies (79ms)
			RebuildTransferFunctionScriptingTraits (0ms)
			SetupTypeCache (188ms)
			ReleaseScriptCaches (2ms)
			RebuildScriptCaches (35ms)
			SetupLoadedEditorAssemblies (316ms)
				LogAssemblyErrors (0ms)
				InitializePlatformSupportModulesInManaged (12ms)
				SetLoadedEditorAssemblies (0ms)
				RefreshPlugins (1ms)
				BeforeProcessingInitializeOnLoad (74ms)
				ProcessInitializeOnLoadAttributes (186ms)
				ProcessInitializeOnLoadMethodAttributes (35ms)
				AfterProcessingInitializeOnLoad (8ms)
				EditorAssembliesLoaded (0ms)
			ExecutionOrderSort2 (0ms)
			AwakeInstancesAfterBackupRestoration (7ms)
Platform modules already initialized, skipping
Refreshing native plugins compatible for Editor in 2.23 ms, found 4 plugins.
Preloading 0 native plugins for Editor in 0.00 ms.
Unloading 4064 Unused Serialized files (Serialized files now loaded: 0)
Unloading 31 unused Assets / (195.6 KB). Loaded Objects now: 4525.
Memory consumption went from 151.4 MB to 151.2 MB.
Total: 3.435600 ms (FindLiveObjects: 0.292300 ms CreateObjectMapping: 0.094200 ms MarkObjects: 2.886200 ms  DeleteObjects: 0.161700 ms)

AssetImportParameters requested are different than current active one (requested -> active):
  custom:video-decoder-ogg-theora: a1e56fd34408186e4bbccfd4996cb3dc -> 
  custom:container-muxer-webm: aa71ff27fc2769a1b78a27578f13a17b -> 
  custom:container-demuxer-webm: 4f35f7cbe854078d1ac9338744f61a02 -> 
  custom:video-encoder-webm-vp8: eb34c28f22e8b96e1ab97ce403110664 -> 
  custom:audio-encoder-webm-vorbis: bf7c407c2cedff20999df2af8eb42d56 -> 
  custom:framework-win-MediaFoundation: 216162199b28c13a410421893ffa2e32 -> 
  custom:container-demuxer-ogg: 62fdf1f143b41e24485cea50d1cbac27 -> 
  custom:video-decoder-webm-vp8: 9c59270c3fd7afecdb556c50c9e8de78 -> 
  custom:audio-decoder-ogg-vorbis: bf7c407c2cedff20999df2af8eb42d56 -> 
========================================================================
Received Import Request.
  Time since last request: 87.107126 seconds.
  path: Assets/Player/Projectile
  artifactKey: Guid(3778b4e15e7469a48b9a04e061d26356) Importer(815301076,1909f56bfc062723c751e8b465ee728b)
Start importing Assets/Player/Projectile using Guid(3778b4e15e7469a48b9a04e061d26356) Importer(815301076,1909f56bfc062723c751e8b465ee728b)  -> (artifact id: '14997ab50b425c46ca2478be8ae14b82') in 0.011402 seconds 
========================================================================
Received Import Request.
  Time since last request: 24.887197 seconds.
  path: Assets/Player/Projectile/Projectile - Up.cs
  artifactKey: Guid(4f167c2b770698347b80ddd45189a047) Importer(815301076,1909f56bfc062723c751e8b465ee728b)
Start importing Assets/Player/Projectile/Projectile - Up.cs using Guid(4f167c2b770698347b80ddd45189a047) Importer(815301076,1909f56bfc062723c751e8b465ee728b)  -> (artifact id: '0904cfe1b27de65febc2372e5543cbb4') in 0.005444 seconds 
========================================================================
Received Import Request.
  Time since last request: 20.422150 seconds.
  path: Assets/Player/Projectile/Projectile-Up.cs
  artifactKey: Guid(4f167c2b770698347b80ddd45189a047) Importer(815301076,1909f56bfc062723c751e8b465ee728b)
Start importing Assets/Player/Projectile/Projectile-Up.cs using Guid(4f167c2b770698347b80ddd45189a047) Importer(815301076,1909f56bfc062723c751e8b465ee728b)  -> (artifact id: '9d6920dce906ab13145854e363c00cbd') in 0.004951 seconds 
========================================================================
Received Import Request.
  Time since last request: 16.849663 seconds.
  path: Assets/Player/Projectile/ProjectileUp.cs
  artifactKey: Guid(4f167c2b770698347b80ddd45189a047) Importer(815301076,1909f56bfc062723c751e8b465ee728b)
Start importing Assets/Player/Projectile/ProjectileUp.cs using Guid(4f167c2b770698347b80ddd45189a047) Importer(815301076,1909f56bfc062723c751e8b465ee728b)  -> (artifact id: '884ce20b9886bf6f8c29d7e7be92bb8a') in 0.005010 seconds 
========================================================================
Received Prepare
Registering precompiled user dll's ...
Registered in 0.008928 seconds.
Begin MonoManager ReloadAssembly
Symbol file LoadedFromMemory doesn't match image C:\Users\vojta\MAP\Library\PackageCache\com.unity.visualscripting@1.7.8\Editor\VisualScripting.Core\Dependencies\YamlDotNet\Unity.VisualScripting.YamlDotNet.dll
Symbol file LoadedFromMemory doesn't match image C:\Users\vojta\MAP\Library\PackageCache\com.unity.visualscripting@1.7.8\Editor\VisualScripting.Core\Dependencies\DotNetZip\Unity.VisualScripting.IonicZip.dll
Native extension for WindowsStandalone target not found
Refreshing native plugins compatible for Editor in 0.69 ms, found 4 plugins.
Preloading 0 native plugins for Editor in 0.00 ms.
Mono: successfully reloaded assembly
- Completed reload, in  0.842 seconds
Domain Reload Profiling:
	ReloadAssembly (842ms)
		BeginReloadAssembly (119ms)
			ExecutionOrderSort (0ms)
			DisableScriptedObjects (6ms)
			BackupInstance (0ms)
			ReleaseScriptingObjects (0ms)
			CreateAndSetChildDomain (33ms)
		EndReloadAssembly (632ms)
			LoadAssemblies (78ms)
			RebuildTransferFunctionScriptingTraits (0ms)
			SetupTypeCache (190ms)
			ReleaseScriptCaches (1ms)
			RebuildScriptCaches (36ms)
			SetupLoadedEditorAssemblies (290ms)
				LogAssemblyErrors (0ms)
				InitializePlatformSupportModulesInManaged (12ms)
				SetLoadedEditorAssemblies (0ms)
				RefreshPlugins (1ms)
				BeforeProcessingInitializeOnLoad (68ms)
				ProcessInitializeOnLoadAttributes (168ms)
				ProcessInitializeOnLoadMethodAttributes (32ms)
				AfterProcessingInitializeOnLoad (10ms)
				EditorAssembliesLoaded (0ms)
			ExecutionOrderSort2 (0ms)
			AwakeInstancesAfterBackupRestoration (8ms)
Platform modules already initialized, skipping
Refreshing native plugins compatible for Editor in 2.23 ms, found 4 plugins.
Preloading 0 native plugins for Editor in 0.00 ms.
Unloading 4065 Unused Serialized files (Serialized files now loaded: 0)
Unloading 31 unused Assets / (195.8 KB). Loaded Objects now: 4529.
Memory consumption went from 151.4 MB to 151.2 MB.
Total: 3.032900 ms (FindLiveObjects: 0.307600 ms CreateObjectMapping: 0.092600 ms MarkObjects: 2.483700 ms  DeleteObjects: 0.147800 ms)

AssetImportParameters requested are different than current active one (requested -> active):
  custom:video-decoder-ogg-theora: a1e56fd34408186e4bbccfd4996cb3dc -> 
  custom:container-muxer-webm: aa71ff27fc2769a1b78a27578f13a17b -> 
  custom:container-demuxer-webm: 4f35f7cbe854078d1ac9338744f61a02 -> 
  custom:video-encoder-webm-vp8: eb34c28f22e8b96e1ab97ce403110664 -> 
  custom:audio-encoder-webm-vorbis: bf7c407c2cedff20999df2af8eb42d56 -> 
  custom:framework-win-MediaFoundation: 216162199b28c13a410421893ffa2e32 -> 
  custom:container-demuxer-ogg: 62fdf1f143b41e24485cea50d1cbac27 -> 
  custom:video-decoder-webm-vp8: 9c59270c3fd7afecdb556c50c9e8de78 -> 
  custom:audio-decoder-ogg-vorbis: bf7c407c2cedff20999df2af8eb42d56 -> 
========================================================================
Received Import Request.
  Time since last request: 102.003126 seconds.
  path: Assets/Player/Projectile/ProjectileUpPrefab.prefab
  artifactKey: Guid(e6937a40b32aa0c4faf03d6b4a6a575e) Importer(815301076,1909f56bfc062723c751e8b465ee728b)
Start importing Assets/Player/Projectile/ProjectileUpPrefab.prefab using Guid(e6937a40b32aa0c4faf03d6b4a6a575e) Importer(815301076,1909f56bfc062723c751e8b465ee728b)  -> (artifact id: '74e731900a1cef39ad3e97687eb12cbb') in 0.141170 seconds 
========================================================================
Received Import Request.
  Time since last request: 6.945215 seconds.
  path: Assets/Player/Projectile/ProjectileUpPrefab.prefab
  artifactKey: Guid(e6937a40b32aa0c4faf03d6b4a6a575e) Importer(815301076,1909f56bfc062723c751e8b465ee728b)
Start importing Assets/Player/Projectile/ProjectileUpPrefab.prefab using Guid(e6937a40b32aa0c4faf03d6b4a6a575e) Importer(815301076,1909f56bfc062723c751e8b465ee728b)  -> (artifact id: '7d6b8793e7e9ff76d0a041cde0a3032f') in 0.008779 seconds 
========================================================================
Received Import Request.
  Time since last request: 10.929827 seconds.
  path: Assets/Player/Projectile/ProjectileUpPrefab 1.prefab
  artifactKey: Guid(a13dd4ce0f8acd84fa10d41f4727e99f) Importer(815301076,1909f56bfc062723c751e8b465ee728b)
Start importing Assets/Player/Projectile/ProjectileUpPrefab 1.prefab using Guid(a13dd4ce0f8acd84fa10d41f4727e99f) Importer(815301076,1909f56bfc062723c751e8b465ee728b)  -> (artifact id: '522dff3051dcf12112f055889fd8db99') in 0.012231 seconds 
========================================================================
Received Import Request.
  Time since last request: 0.489809 seconds.
  path: Assets/Player/Projectile/ProjectileUpPrefab 2.prefab
  artifactKey: Guid(eed6402af55282841817d936e5291c42) Importer(815301076,1909f56bfc062723c751e8b465ee728b)
Start importing Assets/Player/Projectile/ProjectileUpPrefab 2.prefab using Guid(eed6402af55282841817d936e5291c42) Importer(815301076,1909f56bfc062723c751e8b465ee728b)  -> (artifact id: '2c915ff0016eb45a2eec1a5bac639f7f') in 0.012516 seconds 
========================================================================
Received Import Request.
  Time since last request: 0.387229 seconds.
  path: Assets/Player/Projectile/ProjectileUpPrefab 3.prefab
  artifactKey: Guid(9dd8c99d0adcf964baa52a550b61c6a7) Importer(815301076,1909f56bfc062723c751e8b465ee728b)
Start importing Assets/Player/Projectile/ProjectileUpPrefab 3.prefab using Guid(9dd8c99d0adcf964baa52a550b61c6a7) Importer(815301076,1909f56bfc062723c751e8b465ee728b)  -> (artifact id: 'cd401725979fe46ec6410f1e1bc2328d') in 0.011367 seconds 
========================================================================
Received Import Request.
  Time since last request: 16.161612 seconds.
  path: Assets/Player/Projectile/ProjectileLeftPrefab.prefab
  artifactKey: Guid(a13dd4ce0f8acd84fa10d41f4727e99f) Importer(815301076,1909f56bfc062723c751e8b465ee728b)
Start importing Assets/Player/Projectile/ProjectileLeftPrefab.prefab using Guid(a13dd4ce0f8acd84fa10d41f4727e99f) Importer(815301076,1909f56bfc062723c751e8b465ee728b)  -> (artifact id: 'f3551269ceaa11640a8d313eab2ec915') in 0.011703 seconds 
========================================================================
Received Import Request.
  Time since last request: 9.658733 seconds.
  path: Assets/Player/Projectile/ProjectileDownPrefab.prefab
  artifactKey: Guid(eed6402af55282841817d936e5291c42) Importer(815301076,1909f56bfc062723c751e8b465ee728b)
Start importing Assets/Player/Projectile/ProjectileDownPrefab.prefab using Guid(eed6402af55282841817d936e5291c42) Importer(815301076,1909f56bfc062723c751e8b465ee728b)  -> (artifact id: '177c2f2c85b45176b8482b49db100c40') in 0.011478 seconds 
========================================================================
Received Import Request.
  Time since last request: 9.836765 seconds.
  path: Assets/Player/Projectile/ProjectileRightPrefab.prefab
  artifactKey: Guid(9dd8c99d0adcf964baa52a550b61c6a7) Importer(815301076,1909f56bfc062723c751e8b465ee728b)
Start importing Assets/Player/Projectile/ProjectileRightPrefab.prefab using Guid(9dd8c99d0adcf964baa52a550b61c6a7) Importer(815301076,1909f56bfc062723c751e8b465ee728b)  -> (artifact id: 'e5e01e6373d174295d794ecce3cdbc0a') in 0.012110 seconds 
========================================================================
Received Import Request.
  Time since last request: 27.183688 seconds.
  path: Assets/Player/Projectile/ProjectileLeft.cs
  artifactKey: Guid(21c9aab4b5e944c4fb49d0c37ea4064f) Importer(815301076,1909f56bfc062723c751e8b465ee728b)
Start importing Assets/Player/Projectile/ProjectileLeft.cs using Guid(21c9aab4b5e944c4fb49d0c37ea4064f) Importer(815301076,1909f56bfc062723c751e8b465ee728b)  -> (artifact id: '6a6603bfeb8c4dedc09c2502edc00ce4') in 0.005785 seconds 
========================================================================
Received Prepare
Registering precompiled user dll's ...
Registered in 0.007596 seconds.
Begin MonoManager ReloadAssembly
Symbol file LoadedFromMemory doesn't match image C:\Users\vojta\MAP\Library\PackageCache\com.unity.visualscripting@1.7.8\Editor\VisualScripting.Core\Dependencies\YamlDotNet\Unity.VisualScripting.YamlDotNet.dll
Symbol file LoadedFromMemory doesn't match image C:\Users\vojta\MAP\Library\PackageCache\com.unity.visualscripting@1.7.8\Editor\VisualScripting.Core\Dependencies\DotNetZip\Unity.VisualScripting.IonicZip.dll
Native extension for WindowsStandalone target not found
Refreshing native plugins compatible for Editor in 0.63 ms, found 4 plugins.
Preloading 0 native plugins for Editor in 0.00 ms.
Mono: successfully reloaded assembly
- Completed reload, in  0.877 seconds
Domain Reload Profiling:
	ReloadAssembly (877ms)
		BeginReloadAssembly (122ms)
			ExecutionOrderSort (0ms)
			DisableScriptedObjects (5ms)
			BackupInstance (0ms)
			ReleaseScriptingObjects (0ms)
			CreateAndSetChildDomain (34ms)
		EndReloadAssembly (656ms)
			LoadAssemblies (84ms)
			RebuildTransferFunctionScriptingTraits (0ms)
			SetupTypeCache (210ms)
			ReleaseScriptCaches (1ms)
			RebuildScriptCaches (37ms)
			SetupLoadedEditorAssemblies (293ms)
				LogAssemblyErrors (0ms)
				InitializePlatformSupportModulesInManaged (10ms)
				SetLoadedEditorAssemblies (0ms)
				RefreshPlugins (1ms)
				BeforeProcessingInitializeOnLoad (68ms)
				ProcessInitializeOnLoadAttributes (171ms)
				ProcessInitializeOnLoadMethodAttributes (34ms)
				AfterProcessingInitializeOnLoad (8ms)
				EditorAssembliesLoaded (0ms)
			ExecutionOrderSort2 (0ms)
			AwakeInstancesAfterBackupRestoration (7ms)
Platform modules already initialized, skipping
Refreshing native plugins compatible for Editor in 2.22 ms, found 4 plugins.
Preloading 0 native plugins for Editor in 0.00 ms.
Unloading 4066 Unused Serialized files (Serialized files now loaded: 0)
Unloading 31 unused Assets / (196.0 KB). Loaded Objects now: 4541.
Memory consumption went from 155.8 MB to 155.6 MB.
Total: 2.863900 ms (FindLiveObjects: 0.287400 ms CreateObjectMapping: 0.090200 ms MarkObjects: 2.361600 ms  DeleteObjects: 0.124100 ms)

AssetImportParameters requested are different than current active one (requested -> active):
  custom:video-decoder-ogg-theora: a1e56fd34408186e4bbccfd4996cb3dc -> 
  custom:container-muxer-webm: aa71ff27fc2769a1b78a27578f13a17b -> 
  custom:container-demuxer-webm: 4f35f7cbe854078d1ac9338744f61a02 -> 
  custom:video-encoder-webm-vp8: eb34c28f22e8b96e1ab97ce403110664 -> 
  custom:audio-encoder-webm-vorbis: bf7c407c2cedff20999df2af8eb42d56 -> 
  custom:framework-win-MediaFoundation: 216162199b28c13a410421893ffa2e32 -> 
  custom:container-demuxer-ogg: 62fdf1f143b41e24485cea50d1cbac27 -> 
  custom:video-decoder-webm-vp8: 9c59270c3fd7afecdb556c50c9e8de78 -> 
  custom:audio-decoder-ogg-vorbis: bf7c407c2cedff20999df2af8eb42d56 -> 
========================================================================
Received Import Request.
  Time since last request: 10.380680 seconds.
  path: Assets/Player/Projectile/ProjectileDown.cs
  artifactKey: Guid(121f0cea70a8d0d4fb91d5040084d33f) Importer(815301076,1909f56bfc062723c751e8b465ee728b)
Start importing Assets/Player/Projectile/ProjectileDown.cs using Guid(121f0cea70a8d0d4fb91d5040084d33f) Importer(815301076,1909f56bfc062723c751e8b465ee728b)  -> (artifact id: '53bddcb29cc0740b2d18d48cf1d1f1dd') in 0.010497 seconds 
========================================================================
Received Prepare
Registering precompiled user dll's ...
Registered in 0.006789 seconds.
Begin MonoManager ReloadAssembly
Symbol file LoadedFromMemory doesn't match image C:\Users\vojta\MAP\Library\PackageCache\com.unity.visualscripting@1.7.8\Editor\VisualScripting.Core\Dependencies\YamlDotNet\Unity.VisualScripting.YamlDotNet.dll
Symbol file LoadedFromMemory doesn't match image C:\Users\vojta\MAP\Library\PackageCache\com.unity.visualscripting@1.7.8\Editor\VisualScripting.Core\Dependencies\DotNetZip\Unity.VisualScripting.IonicZip.dll
Native extension for WindowsStandalone target not found
Refreshing native plugins compatible for Editor in 0.68 ms, found 4 plugins.
Preloading 0 native plugins for Editor in 0.00 ms.
Mono: successfully reloaded assembly
- Completed reload, in  0.848 seconds
Domain Reload Profiling:
	ReloadAssembly (848ms)
		BeginReloadAssembly (119ms)
			ExecutionOrderSort (0ms)
			DisableScriptedObjects (6ms)
			BackupInstance (0ms)
			ReleaseScriptingObjects (0ms)
			CreateAndSetChildDomain (31ms)
		EndReloadAssembly (640ms)
			LoadAssemblies (79ms)
			RebuildTransferFunctionScriptingTraits (0ms)
			SetupTypeCache (192ms)
			ReleaseScriptCaches (1ms)
			RebuildScriptCaches (37ms)
			SetupLoadedEditorAssemblies (295ms)
				LogAssemblyErrors (0ms)
				InitializePlatformSupportModulesInManaged (10ms)
				SetLoadedEditorAssemblies (0ms)
				RefreshPlugins (1ms)
				BeforeProcessingInitializeOnLoad (71ms)
				ProcessInitializeOnLoadAttributes (171ms)
				ProcessInitializeOnLoadMethodAttributes (34ms)
				AfterProcessingInitializeOnLoad (8ms)
				EditorAssembliesLoaded (0ms)
			ExecutionOrderSort2 (0ms)
			AwakeInstancesAfterBackupRestoration (7ms)
Platform modules already initialized, skipping
Refreshing native plugins compatible for Editor in 2.57 ms, found 4 plugins.
Preloading 0 native plugins for Editor in 0.00 ms.
Unloading 4067 Unused Serialized files (Serialized files now loaded: 0)
Unloading 31 unused Assets / (195.8 KB). Loaded Objects now: 4545.
Memory consumption went from 155.9 MB to 155.7 MB.
Total: 3.323800 ms (FindLiveObjects: 0.466000 ms CreateObjectMapping: 0.111900 ms MarkObjects: 2.594300 ms  DeleteObjects: 0.150800 ms)

AssetImportParameters requested are different than current active one (requested -> active):
  custom:video-decoder-ogg-theora: a1e56fd34408186e4bbccfd4996cb3dc -> 
  custom:container-muxer-webm: aa71ff27fc2769a1b78a27578f13a17b -> 
  custom:container-demuxer-webm: 4f35f7cbe854078d1ac9338744f61a02 -> 
  custom:video-encoder-webm-vp8: eb34c28f22e8b96e1ab97ce403110664 -> 
  custom:audio-encoder-webm-vorbis: bf7c407c2cedff20999df2af8eb42d56 -> 
  custom:framework-win-MediaFoundation: 216162199b28c13a410421893ffa2e32 -> 
  custom:container-demuxer-ogg: 62fdf1f143b41e24485cea50d1cbac27 -> 
  custom:video-decoder-webm-vp8: 9c59270c3fd7afecdb556c50c9e8de78 -> 
  custom:audio-decoder-ogg-vorbis: bf7c407c2cedff20999df2af8eb42d56 -> 
========================================================================
Received Import Request.
  Time since last request: 12.547238 seconds.
  path: Assets/Player/Projectile/ProjectileRight.cs
  artifactKey: Guid(1106fd57565d3c94bb9b23868e556ec3) Importer(815301076,1909f56bfc062723c751e8b465ee728b)
Start importing Assets/Player/Projectile/ProjectileRight.cs using Guid(1106fd57565d3c94bb9b23868e556ec3) Importer(815301076,1909f56bfc062723c751e8b465ee728b)  -> (artifact id: '097db36f872460c18afe115076553079') in 0.011287 seconds 
========================================================================
Received Prepare
Registering precompiled user dll's ...
Registered in 0.006836 seconds.
Begin MonoManager ReloadAssembly
Symbol file LoadedFromMemory doesn't match image C:\Users\vojta\MAP\Library\PackageCache\com.unity.visualscripting@1.7.8\Editor\VisualScripting.Core\Dependencies\YamlDotNet\Unity.VisualScripting.YamlDotNet.dll
Symbol file LoadedFromMemory doesn't match image C:\Users\vojta\MAP\Library\PackageCache\com.unity.visualscripting@1.7.8\Editor\VisualScripting.Core\Dependencies\DotNetZip\Unity.VisualScripting.IonicZip.dll
Native extension for WindowsStandalone target not found
Refreshing native plugins compatible for Editor in 0.60 ms, found 4 plugins.
Preloading 0 native plugins for Editor in 0.00 ms.
Mono: successfully reloaded assembly
- Completed reload, in  0.855 seconds
Domain Reload Profiling:
	ReloadAssembly (855ms)
		BeginReloadAssembly (115ms)
			ExecutionOrderSort (0ms)
			DisableScriptedObjects (6ms)
			BackupInstance (0ms)
			ReleaseScriptingObjects (0ms)
			CreateAndSetChildDomain (32ms)
		EndReloadAssembly (649ms)
			LoadAssemblies (76ms)
			RebuildTransferFunctionScriptingTraits (0ms)
			SetupTypeCache (194ms)
			ReleaseScriptCaches (1ms)
			RebuildScriptCaches (38ms)
			SetupLoadedEditorAssemblies (301ms)
				LogAssemblyErrors (0ms)
				InitializePlatformSupportModulesInManaged (10ms)
				SetLoadedEditorAssemblies (0ms)
				RefreshPlugins (1ms)
				BeforeProcessingInitializeOnLoad (71ms)
				ProcessInitializeOnLoadAttributes (174ms)
				ProcessInitializeOnLoadMethodAttributes (34ms)
				AfterProcessingInitializeOnLoad (10ms)
				EditorAssembliesLoaded (0ms)
			ExecutionOrderSort2 (0ms)
			AwakeInstancesAfterBackupRestoration (7ms)
Platform modules already initialized, skipping
Refreshing native plugins compatible for Editor in 2.30 ms, found 4 plugins.
Preloading 0 native plugins for Editor in 0.00 ms.
Unloading 4068 Unused Serialized files (Serialized files now loaded: 0)
Unloading 31 unused Assets / (196.0 KB). Loaded Objects now: 4549.
Memory consumption went from 155.9 MB to 155.7 MB.
Total: 3.246800 ms (FindLiveObjects: 0.355000 ms CreateObjectMapping: 0.103200 ms MarkObjects: 2.609600 ms  DeleteObjects: 0.178200 ms)

AssetImportParameters requested are different than current active one (requested -> active):
  custom:video-decoder-ogg-theora: a1e56fd34408186e4bbccfd4996cb3dc -> 
  custom:container-muxer-webm: aa71ff27fc2769a1b78a27578f13a17b -> 
  custom:container-demuxer-webm: 4f35f7cbe854078d1ac9338744f61a02 -> 
  custom:video-encoder-webm-vp8: eb34c28f22e8b96e1ab97ce403110664 -> 
  custom:audio-encoder-webm-vorbis: bf7c407c2cedff20999df2af8eb42d56 -> 
  custom:framework-win-MediaFoundation: 216162199b28c13a410421893ffa2e32 -> 
  custom:container-demuxer-ogg: 62fdf1f143b41e24485cea50d1cbac27 -> 
  custom:video-decoder-webm-vp8: 9c59270c3fd7afecdb556c50c9e8de78 -> 
  custom:audio-decoder-ogg-vorbis: bf7c407c2cedff20999df2af8eb42d56 -> 
========================================================================
Received Import Request.
  Time since last request: 8.161261 seconds.
  path: Assets/Player/Projectile/ProjectileDownPrefab.prefab
  artifactKey: Guid(eed6402af55282841817d936e5291c42) Importer(815301076,1909f56bfc062723c751e8b465ee728b)
Start importing Assets/Player/Projectile/ProjectileDownPrefab.prefab using Guid(eed6402af55282841817d936e5291c42) Importer(815301076,1909f56bfc062723c751e8b465ee728b)  -> (artifact id: 'c7c7b9b1308efc62f990e85b3fc23847') in 0.052728 seconds 
========================================================================
Received Import Request.
  Time since last request: 1.849263 seconds.
  path: Assets/Player/Projectile/ProjectileDownPrefab.prefab
  artifactKey: Guid(eed6402af55282841817d936e5291c42) Importer(815301076,1909f56bfc062723c751e8b465ee728b)
Start importing Assets/Player/Projectile/ProjectileDownPrefab.prefab using Guid(eed6402af55282841817d936e5291c42) Importer(815301076,1909f56bfc062723c751e8b465ee728b)  -> (artifact id: '92e007969961310aab1c2ca9c9c055e1') in 0.011089 seconds 
========================================================================
Received Import Request.
  Time since last request: 4.710699 seconds.
  path: Assets/Player/Projectile/ProjectileLeftPrefab.prefab
  artifactKey: Guid(a13dd4ce0f8acd84fa10d41f4727e99f) Importer(815301076,1909f56bfc062723c751e8b465ee728b)
Start importing Assets/Player/Projectile/ProjectileLeftPrefab.prefab using Guid(a13dd4ce0f8acd84fa10d41f4727e99f) Importer(815301076,1909f56bfc062723c751e8b465ee728b)  -> (artifact id: '1cd0ebf91f1c23926e84beeea9debdb2') in 0.008306 seconds 
========================================================================
Received Import Request.
  Time since last request: 3.439474 seconds.
  path: Assets/Player/Projectile/ProjectileLeftPrefab.prefab
  artifactKey: Guid(a13dd4ce0f8acd84fa10d41f4727e99f) Importer(815301076,1909f56bfc062723c751e8b465ee728b)
Start importing Assets/Player/Projectile/ProjectileLeftPrefab.prefab using Guid(a13dd4ce0f8acd84fa10d41f4727e99f) Importer(815301076,1909f56bfc062723c751e8b465ee728b)  -> (artifact id: '0de177a9e1b2047af367f7cd9e3bb9ee') in 0.010620 seconds 
========================================================================
Received Import Request.
  Time since last request: 2.076082 seconds.
  path: Assets/Player/Projectile/ProjectileRightPrefab.prefab
  artifactKey: Guid(9dd8c99d0adcf964baa52a550b61c6a7) Importer(815301076,1909f56bfc062723c751e8b465ee728b)
Start importing Assets/Player/Projectile/ProjectileRightPrefab.prefab using Guid(9dd8c99d0adcf964baa52a550b61c6a7) Importer(815301076,1909f56bfc062723c751e8b465ee728b)  -> (artifact id: 'd7b2351a3343272be0d00542f37800b8') in 0.008273 seconds 
========================================================================
Received Import Request.
  Time since last request: 2.109537 seconds.
  path: Assets/Player/Projectile/ProjectileRightPrefab.prefab
  artifactKey: Guid(9dd8c99d0adcf964baa52a550b61c6a7) Importer(815301076,1909f56bfc062723c751e8b465ee728b)
Start importing Assets/Player/Projectile/ProjectileRightPrefab.prefab using Guid(9dd8c99d0adcf964baa52a550b61c6a7) Importer(815301076,1909f56bfc062723c751e8b465ee728b)  -> (artifact id: '968a3f313273e8d350c0506645ae95ac') in 0.010435 seconds 
========================================================================
Received Prepare
Registering precompiled user dll's ...
Registered in 0.008341 seconds.
Begin MonoManager ReloadAssembly
Symbol file LoadedFromMemory doesn't match image C:\Users\vojta\MAP\Library\PackageCache\com.unity.visualscripting@1.7.8\Editor\VisualScripting.Core\Dependencies\YamlDotNet\Unity.VisualScripting.YamlDotNet.dll
Symbol file LoadedFromMemory doesn't match image C:\Users\vojta\MAP\Library\PackageCache\com.unity.visualscripting@1.7.8\Editor\VisualScripting.Core\Dependencies\DotNetZip\Unity.VisualScripting.IonicZip.dll
Native extension for WindowsStandalone target not found
Refreshing native plugins compatible for Editor in 0.67 ms, found 4 plugins.
Preloading 0 native plugins for Editor in 0.00 ms.
Mono: successfully reloaded assembly
- Completed reload, in  0.862 seconds
Domain Reload Profiling:
	ReloadAssembly (863ms)
		BeginReloadAssembly (125ms)
			ExecutionOrderSort (0ms)
			DisableScriptedObjects (5ms)
			BackupInstance (0ms)
			ReleaseScriptingObjects (0ms)
			CreateAndSetChildDomain (37ms)
		EndReloadAssembly (646ms)
			LoadAssemblies (81ms)
			RebuildTransferFunctionScriptingTraits (0ms)
			SetupTypeCache (195ms)
			ReleaseScriptCaches (1ms)
			RebuildScriptCaches (38ms)
			SetupLoadedEditorAssemblies (295ms)
				LogAssemblyErrors (0ms)
				InitializePlatformSupportModulesInManaged (11ms)
				SetLoadedEditorAssemblies (0ms)
				RefreshPlugins (1ms)
				BeforeProcessingInitializeOnLoad (69ms)
				ProcessInitializeOnLoadAttributes (172ms)
				ProcessInitializeOnLoadMethodAttributes (33ms)
				AfterProcessingInitializeOnLoad (9ms)
				EditorAssembliesLoaded (0ms)
			ExecutionOrderSort2 (0ms)
			AwakeInstancesAfterBackupRestoration (7ms)
Platform modules already initialized, skipping
Refreshing native plugins compatible for Editor in 2.53 ms, found 4 plugins.
Preloading 0 native plugins for Editor in 0.00 ms.
Unloading 4068 Unused Serialized files (Serialized files now loaded: 0)
Unloading 31 unused Assets / (195.9 KB). Loaded Objects now: 4552.
Memory consumption went from 155.9 MB to 155.7 MB.
Total: 3.043400 ms (FindLiveObjects: 0.337100 ms CreateObjectMapping: 0.112500 ms MarkObjects: 2.443000 ms  DeleteObjects: 0.149900 ms)

AssetImportParameters requested are different than current active one (requested -> active):
  custom:video-decoder-ogg-theora: a1e56fd34408186e4bbccfd4996cb3dc -> 
  custom:container-muxer-webm: aa71ff27fc2769a1b78a27578f13a17b -> 
  custom:container-demuxer-webm: 4f35f7cbe854078d1ac9338744f61a02 -> 
  custom:video-encoder-webm-vp8: eb34c28f22e8b96e1ab97ce403110664 -> 
  custom:audio-encoder-webm-vorbis: bf7c407c2cedff20999df2af8eb42d56 -> 
  custom:framework-win-MediaFoundation: 216162199b28c13a410421893ffa2e32 -> 
  custom:container-demuxer-ogg: 62fdf1f143b41e24485cea50d1cbac27 -> 
  custom:video-decoder-webm-vp8: 9c59270c3fd7afecdb556c50c9e8de78 -> 
  custom:audio-decoder-ogg-vorbis: bf7c407c2cedff20999df2af8eb42d56 -> 
========================================================================
Received Import Request.
  Time since last request: 103.497359 seconds.
  path: Assets/Player/Projectile/ProjectileRightPrefab.prefab
  artifactKey: Guid(9dd8c99d0adcf964baa52a550b61c6a7) Importer(815301076,1909f56bfc062723c751e8b465ee728b)
Start importing Assets/Player/Projectile/ProjectileRightPrefab.prefab using Guid(9dd8c99d0adcf964baa52a550b61c6a7) Importer(815301076,1909f56bfc062723c751e8b465ee728b)  -> (artifact id: 'b40f235f876d625cb3bbfdc9dee96dce') in 0.047792 seconds 
========================================================================
Received Import Request.
  Time since last request: 0.000018 seconds.
  path: Assets/Player/Projectile/ProjectileDownPrefab.prefab
  artifactKey: Guid(eed6402af55282841817d936e5291c42) Importer(815301076,1909f56bfc062723c751e8b465ee728b)
Start importing Assets/Player/Projectile/ProjectileDownPrefab.prefab using Guid(eed6402af55282841817d936e5291c42) Importer(815301076,1909f56bfc062723c751e8b465ee728b)  -> (artifact id: '17a9398272f5ce05371725ca4dac0a04') in 0.010033 seconds 
========================================================================
Received Import Request.
  Time since last request: 0.000018 seconds.
  path: Assets/Player/Projectile/ProjectileLeftPrefab.prefab
  artifactKey: Guid(a13dd4ce0f8acd84fa10d41f4727e99f) Importer(815301076,1909f56bfc062723c751e8b465ee728b)
Start importing Assets/Player/Projectile/ProjectileLeftPrefab.prefab using Guid(a13dd4ce0f8acd84fa10d41f4727e99f) Importer(815301076,1909f56bfc062723c751e8b465ee728b)  -> (artifact id: '11b69292b9f52d67e51c358770106be0') in 0.009336 seconds 
========================================================================
Received Import Request.
  Time since last request: 0.000016 seconds.
  path: Assets/Player/Projectile/ProjectileLeft.cs
  artifactKey: Guid(21c9aab4b5e944c4fb49d0c37ea4064f) Importer(815301076,1909f56bfc062723c751e8b465ee728b)
Start importing Assets/Player/Projectile/ProjectileLeft.cs using Guid(21c9aab4b5e944c4fb49d0c37ea4064f) Importer(815301076,1909f56bfc062723c751e8b465ee728b)  -> (artifact id: '4a6042bb573d68f030855a1d1d4826dc') in 0.002182 seconds 
Editor requested this worker to shutdown with reason: Scaling down because of idle timeout
AssetImportWorker is now disconnected from the server
Process exiting
Exiting without the bug reporter. Application will terminate with return code 0